 Q1[K1] =  5.96337923535674808E+000
 Q2[K1] = -1.88324821987244491E+001
 Q3[K1] =  1.61913538858865778E+001
 Q4[K1] = -1.67272132132072855E+001
 Q5[K1] = -1.46921645000534218E+000
 Q6[K1] =  2.31750048299897404E+000
 
 end_file
 
 
 ! Top 10
 
 Constraints                     Ref_Ele    Start_Ele   Ele/S    Meas-or-Lim    Model       Merit      Max_Loc
 twiss.end[4]  alpha.b <target>                        END       -1.0000E+00  -1.0000E+00  4.930E-28
 twiss.end[3]  beta.b <target>                         END        1.2500E+01   1.2500E+01  1.262E-28
 twiss.end[1]  beta.a <target>                         END        1.2500E+01   1.2500E+01  3.155E-29
 twiss.end[2]  alpha.a <target>                        END       -1.0000E+00  -1.0000E+00  1.233E-30
 twiss.end[5]  eta.x <target>                          END        0.0000E+00  -4.5103E-17  2.034E-32
 quad[6]       Q6[K1]                                  4.35      -1.0000E+30   2.3175E+00  0.000E+00
 quad[5]       Q5[K1]                                  3.95      -1.0000E+30  -1.4692E+00  0.000E+00
 quad[4]       Q4[K1]                                  3.15      -1.0000E+30  -1.6727E+01  0.000E+00
 quad[3]       Q3[K1]                                  2.75      -1.0000E+30   1.6191E+01  0.000E+00
 quad[2]       Q2[K1]                                  1.95      -1.0000E+30  -1.8832E+01  0.000E+00
 Constraints                     Ref_Ele    Start_Ele   Ele/S    Meas-or-Lim    Model       Merit      Max_Loc
 
  figure of merit: 6.520632E-28
 
 List of non-zero contributors to the Merit Function:
 Name                                          Merit           Sigma [= sqrt(Chi^2/N)]
 twiss.end                                     6.5206E-28      2.0358E-15
 
 Constraints                     Ref_Ele    Start_Ele   Ele/S    Meas-or-Lim    Model       Merit      Max_Loc
 twiss.end[1]  beta.a <target>                         END        1.2500E+01   1.2500E+01  3.155E-29
 twiss.end[2]  alpha.a <target>                        END       -1.0000E+00  -1.0000E+00  1.233E-30
 twiss.end[3]  beta.b <target>                         END        1.2500E+01   1.2500E+01  1.262E-28
 twiss.end[4]  alpha.b <target>                        END       -1.0000E+00  -1.0000E+00  4.930E-28
 twiss.end[5]  eta.x <target>                          END        0.0000E+00  -4.5103E-17  2.034E-32
 twiss.end[6]  etap.x <target>                         END        0.0000E+00   0.0000E+00  0.000E+00
 twiss.max[1]  beta.a <max>                Q1          END        1.0000E+02   1.3201E+01  0.000E+00  P3#1
 twiss.max[2]  eta.x <abs_max>             Q1          END        1.0000E+00   3.4700E-01  0.000E+00  P3#1
 quad[1]       Q1[K1]                                  1.55      -1.0000E+30   5.9634E+00  0.000E+00
 quad[2]       Q2[K1]                                  1.95      -1.0000E+30  -1.8832E+01  0.000E+00
 quad[3]       Q3[K1]                                  2.75      -1.0000E+30   1.6191E+01  0.000E+00
 quad[4]       Q4[K1]                                  3.15      -1.0000E+30  -1.6727E+01  0.000E+00
 quad[5]       Q5[K1]                                  3.95      -1.0000E+30  -1.4692E+00  0.000E+00
 quad[6]       Q6[K1]                                  4.35      -1.0000E+30   2.3175E+00  0.000E+00
 Constraints                     Ref_Ele    Start_Ele   Ele/S    Meas-or-Lim    Model       Merit      Max_Loc
 
  figure of merit: 6.520632E-28
